nohup: ignoring input
Loading checkpoint shards:   0%|          | 0/2 [00:00<?, ?it/s]Loading checkpoint shards:  50%|█████     | 1/2 [00:02<00:02,  2.17s/it]Loading checkpoint shards: 100%|██████████| 2/2 [00:03<00:00,  1.46s/it]Loading checkpoint shards: 100%|██████████| 2/2 [00:03<00:00,  1.57s/it]
Metadata file not found for subject 0.
Processing subject: 0, cohort: group_a
Skipping timepoint 0 for subject 0 in cohort group_a, already completed.
Skipping timepoint 1 for subject 0 in cohort group_a, already completed.
Skipping timepoint 2 for subject 0 in cohort group_a, already completed.
Skipping timepoint 3 for subject 0 in cohort group_a, already completed.
Skipping timepoint 4 for subject 0 in cohort group_a, already completed.
Skipping timepoint 5 for subject 0 in cohort group_a, already completed.
Skipping timepoint 6 for subject 0 in cohort group_a, already completed.
Skipping timepoint 7 for subject 0 in cohort group_a, already completed.
Skipping timepoint 8 for subject 0 in cohort group_a, already completed.
Skipping timepoint 9 for subject 0 in cohort group_a, already completed.
Skipping timepoint 10 for subject 0 in cohort group_a, already completed.
Skipping timepoint 11 for subject 0 in cohort group_a, already completed.
Skipping timepoint 12 for subject 0 in cohort group_a, already completed.
Skipping timepoint 13 for subject 0 in cohort group_a, already completed.
Skipping timepoint 14 for subject 0 in cohort group_a, already completed.
Skipping timepoint 15 for subject 0 in cohort group_a, already completed.
Skipping timepoint 16 for subject 0 in cohort group_a, already completed.
Skipping timepoint 17 for subject 0 in cohort group_a, already completed.
Skipping timepoint 18 for subject 0 in cohort group_a, already completed.
Skipping timepoint 19 for subject 0 in cohort group_a, already completed.
Skipping timepoint 20 for subject 0 in cohort group_a, already completed.
Skipping timepoint 21 for subject 0 in cohort group_a, already completed.
Skipping timepoint 22 for subject 0 in cohort group_a, already completed.
Skipping timepoint 23 for subject 0 in cohort group_a, already completed.
Skipping timepoint 24 for subject 0 in cohort group_a, already completed.
Skipping timepoint 25 for subject 0 in cohort group_a, already completed.
Skipping timepoint 26 for subject 0 in cohort group_a, already completed.
Skipping timepoint 27 for subject 0 in cohort group_a, already completed.
Skipping timepoint 28 for subject 0 in cohort group_a, already completed.
Skipping timepoint 29 for subject 0 in cohort group_a, already completed.
Skipping timepoint 30 for subject 0 in cohort group_a, already completed.
Skipping timepoint 31 for subject 0 in cohort group_a, already completed.
Skipping timepoint 32 for subject 0 in cohort group_a, already completed.
Skipping timepoint 33 for subject 0 in cohort group_a, already completed.
Skipping timepoint 34 for subject 0 in cohort group_a, already completed.
Skipping timepoint 35 for subject 0 in cohort group_a, already completed.
Skipping timepoint 36 for subject 0 in cohort group_a, already completed.
Skipping timepoint 37 for subject 0 in cohort group_a, already completed.
Skipping timepoint 38 for subject 0 in cohort group_a, already completed.
Skipping timepoint 39 for subject 0 in cohort group_a, already completed.
Skipping timepoint 40 for subject 0 in cohort group_a, already completed.
Skipping timepoint 41 for subject 0 in cohort group_a, already completed.
Skipping timepoint 42 for subject 0 in cohort group_a, already completed.
Skipping timepoint 43 for subject 0 in cohort group_a, already completed.
Skipping timepoint 44 for subject 0 in cohort group_a, already completed.
Skipping timepoint 45 for subject 0 in cohort group_a, already completed.
Skipping timepoint 46 for subject 0 in cohort group_a, already completed.
Skipping timepoint 47 for subject 0 in cohort group_a, already completed.
Skipping timepoint 48 for subject 0 in cohort group_a, already completed.
Skipping timepoint 49 for subject 0 in cohort group_a, already completed.
Skipping timepoint 50 for subject 0 in cohort group_a, already completed.
Skipping timepoint 51 for subject 0 in cohort group_a, already completed.
Processing subject: 0, cohort: group_b
Skipping timepoint 0 for subject 0 in cohort group_b, already completed.
Skipping timepoint 1 for subject 0 in cohort group_b, already completed.
Skipping timepoint 2 for subject 0 in cohort group_b, already completed.
Skipping timepoint 3 for subject 0 in cohort group_b, already completed.
Skipping timepoint 4 for subject 0 in cohort group_b, already completed.
Skipping timepoint 5 for subject 0 in cohort group_b, already completed.
Skipping timepoint 6 for subject 0 in cohort group_b, already completed.
Skipping timepoint 7 for subject 0 in cohort group_b, already completed.
Skipping timepoint 8 for subject 0 in cohort group_b, already completed.
Skipping timepoint 9 for subject 0 in cohort group_b, already completed.
Skipping timepoint 10 for subject 0 in cohort group_b, already completed.
Skipping timepoint 11 for subject 0 in cohort group_b, already completed.
Skipping timepoint 12 for subject 0 in cohort group_b, already completed.
Skipping timepoint 13 for subject 0 in cohort group_b, already completed.
Skipping timepoint 14 for subject 0 in cohort group_b, already completed.
Skipping timepoint 15 for subject 0 in cohort group_b, already completed.
Skipping timepoint 16 for subject 0 in cohort group_b, already completed.
Skipping timepoint 17 for subject 0 in cohort group_b, already completed.
Skipping timepoint 18 for subject 0 in cohort group_b, already completed.
Skipping timepoint 19 for subject 0 in cohort group_b, already completed.
Skipping timepoint 20 for subject 0 in cohort group_b, already completed.
Skipping timepoint 21 for subject 0 in cohort group_b, already completed.
Skipping timepoint 22 for subject 0 in cohort group_b, already completed.
Skipping timepoint 23 for subject 0 in cohort group_b, already completed.
Skipping timepoint 24 for subject 0 in cohort group_b, already completed.
Skipping timepoint 25 for subject 0 in cohort group_b, already completed.
Skipping timepoint 26 for subject 0 in cohort group_b, already completed.
Skipping timepoint 27 for subject 0 in cohort group_b, already completed.
Skipping timepoint 28 for subject 0 in cohort group_b, already completed.
Skipping timepoint 29 for subject 0 in cohort group_b, already completed.
Skipping timepoint 30 for subject 0 in cohort group_b, already completed.
Skipping timepoint 31 for subject 0 in cohort group_b, already completed.
Skipping timepoint 32 for subject 0 in cohort group_b, already completed.
Skipping timepoint 33 for subject 0 in cohort group_b, already completed.
Skipping timepoint 34 for subject 0 in cohort group_b, already completed.
Skipping timepoint 35 for subject 0 in cohort group_b, already completed.
Skipping timepoint 36 for subject 0 in cohort group_b, already completed.
Skipping timepoint 37 for subject 0 in cohort group_b, already completed.
Skipping timepoint 38 for subject 0 in cohort group_b, already completed.
Skipping timepoint 39 for subject 0 in cohort group_b, already completed.
Skipping timepoint 40 for subject 0 in cohort group_b, already completed.
Skipping timepoint 41 for subject 0 in cohort group_b, already completed.
Skipping timepoint 42 for subject 0 in cohort group_b, already completed.
Skipping timepoint 43 for subject 0 in cohort group_b, already completed.
Skipping timepoint 44 for subject 0 in cohort group_b, already completed.
Skipping timepoint 45 for subject 0 in cohort group_b, already completed.
Skipping timepoint 46 for subject 0 in cohort group_b, already completed.
Skipping timepoint 47 for subject 0 in cohort group_b, already completed.
Skipping timepoint 48 for subject 0 in cohort group_b, already completed.
Skipping timepoint 49 for subject 0 in cohort group_b, already completed.
Skipping timepoint 50 for subject 0 in cohort group_b, already completed.
Skipping timepoint 51 for subject 0 in cohort group_b, already completed.
Processing subject: 0, cohort: group_c
Skipping timepoint 0 for subject 0 in cohort group_c, already completed.
Skipping timepoint 1 for subject 0 in cohort group_c, already completed.
Skipping timepoint 2 for subject 0 in cohort group_c, already completed.
Skipping timepoint 3 for subject 0 in cohort group_c, already completed.
Skipping timepoint 4 for subject 0 in cohort group_c, already completed.
Skipping timepoint 5 for subject 0 in cohort group_c, already completed.
Skipping timepoint 6 for subject 0 in cohort group_c, already completed.
Skipping timepoint 7 for subject 0 in cohort group_c, already completed.
Skipping timepoint 8 for subject 0 in cohort group_c, already completed.
Skipping timepoint 9 for subject 0 in cohort group_c, already completed.
Skipping timepoint 10 for subject 0 in cohort group_c, already completed.
Skipping timepoint 11 for subject 0 in cohort group_c, already completed.
Skipping timepoint 12 for subject 0 in cohort group_c, already completed.
Skipping timepoint 13 for subject 0 in cohort group_c, already completed.
Skipping timepoint 14 for subject 0 in cohort group_c, already completed.
Skipping timepoint 15 for subject 0 in cohort group_c, already completed.
Skipping timepoint 16 for subject 0 in cohort group_c, already completed.
Skipping timepoint 17 for subject 0 in cohort group_c, already completed.
Skipping timepoint 18 for subject 0 in cohort group_c, already completed.
Skipping timepoint 19 for subject 0 in cohort group_c, already completed.
Skipping timepoint 20 for subject 0 in cohort group_c, already completed.
Skipping timepoint 21 for subject 0 in cohort group_c, already completed.
Skipping timepoint 22 for subject 0 in cohort group_c, already completed.
Skipping timepoint 23 for subject 0 in cohort group_c, already completed.
Skipping timepoint 24 for subject 0 in cohort group_c, already completed.
Skipping timepoint 25 for subject 0 in cohort group_c, already completed.
Skipping timepoint 26 for subject 0 in cohort group_c, already completed.
Skipping timepoint 27 for subject 0 in cohort group_c, already completed.
Skipping timepoint 28 for subject 0 in cohort group_c, already completed.
Skipping timepoint 29 for subject 0 in cohort group_c, already completed.
Skipping timepoint 30 for subject 0 in cohort group_c, already completed.
Skipping timepoint 31 for subject 0 in cohort group_c, already completed.
Skipping timepoint 32 for subject 0 in cohort group_c, already completed.
Skipping timepoint 33 for subject 0 in cohort group_c, already completed.
Skipping timepoint 34 for subject 0 in cohort group_c, already completed.
Skipping timepoint 35 for subject 0 in cohort group_c, already completed.
Skipping timepoint 36 for subject 0 in cohort group_c, already completed.
Skipping timepoint 37 for subject 0 in cohort group_c, already completed.
Skipping timepoint 38 for subject 0 in cohort group_c, already completed.
Skipping timepoint 39 for subject 0 in cohort group_c, already completed.
Skipping timepoint 40 for subject 0 in cohort group_c, already completed.
Skipping timepoint 41 for subject 0 in cohort group_c, already completed.
Skipping timepoint 42 for subject 0 in cohort group_c, already completed.
Skipping timepoint 43 for subject 0 in cohort group_c, already completed.
Skipping timepoint 44 for subject 0 in cohort group_c, already completed.
Skipping timepoint 45 for subject 0 in cohort group_c, already completed.
Skipping timepoint 46 for subject 0 in cohort group_c, already completed.
Skipping timepoint 47 for subject 0 in cohort group_c, already completed.
Skipping timepoint 48 for subject 0 in cohort group_c, already completed.
Skipping timepoint 49 for subject 0 in cohort group_c, already completed.
Skipping timepoint 50 for subject 0 in cohort group_c, already completed.
Skipping timepoint 51 for subject 0 in cohort group_c, already completed.
Processing subject: 0, cohort: group_d
Skipping timepoint 0 for subject 0 in cohort group_d, already completed.
Skipping timepoint 1 for subject 0 in cohort group_d, already completed.
Skipping timepoint 2 for subject 0 in cohort group_d, already completed.
Skipping timepoint 3 for subject 0 in cohort group_d, already completed.
Skipping timepoint 4 for subject 0 in cohort group_d, already completed.
Skipping timepoint 5 for subject 0 in cohort group_d, already completed.
Skipping timepoint 6 for subject 0 in cohort group_d, already completed.
Skipping timepoint 7 for subject 0 in cohort group_d, already completed.
Skipping timepoint 8 for subject 0 in cohort group_d, already completed.
Skipping timepoint 9 for subject 0 in cohort group_d, already completed.
Skipping timepoint 10 for subject 0 in cohort group_d, already completed.
Skipping timepoint 11 for subject 0 in cohort group_d, already completed.
Skipping timepoint 12 for subject 0 in cohort group_d, already completed.
Skipping timepoint 13 for subject 0 in cohort group_d, already completed.
Skipping timepoint 14 for subject 0 in cohort group_d, already completed.
Skipping timepoint 15 for subject 0 in cohort group_d, already completed.
Skipping timepoint 16 for subject 0 in cohort group_d, already completed.
Skipping timepoint 17 for subject 0 in cohort group_d, already completed.
Skipping timepoint 18 for subject 0 in cohort group_d, already completed.
Skipping timepoint 19 for subject 0 in cohort group_d, already completed.
Skipping timepoint 20 for subject 0 in cohort group_d, already completed.
Skipping timepoint 21 for subject 0 in cohort group_d, already completed.
Skipping timepoint 22 for subject 0 in cohort group_d, already completed.
Skipping timepoint 23 for subject 0 in cohort group_d, already completed.
Skipping timepoint 24 for subject 0 in cohort group_d, already completed.
Skipping timepoint 25 for subject 0 in cohort group_d, already completed.
Skipping timepoint 26 for subject 0 in cohort group_d, already completed.
Skipping timepoint 27 for subject 0 in cohort group_d, already completed.
Skipping timepoint 28 for subject 0 in cohort group_d, already completed.
Skipping timepoint 29 for subject 0 in cohort group_d, already completed.
Skipping timepoint 30 for subject 0 in cohort group_d, already completed.
Skipping timepoint 31 for subject 0 in cohort group_d, already completed.
Skipping timepoint 32 for subject 0 in cohort group_d, already completed.
Skipping timepoint 33 for subject 0 in cohort group_d, already completed.
Skipping timepoint 34 for subject 0 in cohort group_d, already completed.
Skipping timepoint 35 for subject 0 in cohort group_d, already completed.
Skipping timepoint 36 for subject 0 in cohort group_d, already completed.
Skipping timepoint 37 for subject 0 in cohort group_d, already completed.
Skipping timepoint 38 for subject 0 in cohort group_d, already completed.
Skipping timepoint 39 for subject 0 in cohort group_d, already completed.
Skipping timepoint 40 for subject 0 in cohort group_d, already completed.
Skipping timepoint 41 for subject 0 in cohort group_d, already completed.
Skipping timepoint 42 for subject 0 in cohort group_d, already completed.
Skipping timepoint 43 for subject 0 in cohort group_d, already completed.
Skipping timepoint 44 for subject 0 in cohort group_d, already completed.
Skipping timepoint 45 for subject 0 in cohort group_d, already completed.
Skipping timepoint 46 for subject 0 in cohort group_d, already completed.
Skipping timepoint 47 for subject 0 in cohort group_d, already completed.
Skipping timepoint 48 for subject 0 in cohort group_d, already completed.
Skipping timepoint 49 for subject 0 in cohort group_d, already completed.
Skipping timepoint 50 for subject 0 in cohort group_d, already completed.
Skipping timepoint 51 for subject 0 in cohort group_d, already completed.
Metadata file not found for subject 1.
Processing subject: 1, cohort: group_a
Skipping timepoint 0 for subject 1 in cohort group_a, already completed.
Skipping timepoint 1 for subject 1 in cohort group_a, already completed.
Skipping timepoint 2 for subject 1 in cohort group_a, already completed.
Skipping timepoint 3 for subject 1 in cohort group_a, already completed.
Skipping timepoint 4 for subject 1 in cohort group_a, already completed.
Skipping timepoint 5 for subject 1 in cohort group_a, already completed.
Skipping timepoint 6 for subject 1 in cohort group_a, already completed.
Skipping timepoint 7 for subject 1 in cohort group_a, already completed.
Skipping timepoint 8 for subject 1 in cohort group_a, already completed.
Skipping timepoint 9 for subject 1 in cohort group_a, already completed.
Skipping timepoint 10 for subject 1 in cohort group_a, already completed.
Skipping timepoint 11 for subject 1 in cohort group_a, already completed.
Skipping timepoint 12 for subject 1 in cohort group_a, already completed.
Skipping timepoint 13 for subject 1 in cohort group_a, already completed.
Skipping timepoint 14 for subject 1 in cohort group_a, already completed.
Skipping timepoint 15 for subject 1 in cohort group_a, already completed.
Skipping timepoint 16 for subject 1 in cohort group_a, already completed.
Skipping timepoint 17 for subject 1 in cohort group_a, already completed.
Skipping timepoint 18 for subject 1 in cohort group_a, already completed.
Skipping timepoint 19 for subject 1 in cohort group_a, already completed.
Skipping timepoint 20 for subject 1 in cohort group_a, already completed.
Skipping timepoint 21 for subject 1 in cohort group_a, already completed.
Skipping timepoint 22 for subject 1 in cohort group_a, already completed.
Skipping timepoint 23 for subject 1 in cohort group_a, already completed.
Skipping timepoint 24 for subject 1 in cohort group_a, already completed.
Skipping timepoint 25 for subject 1 in cohort group_a, already completed.
Skipping timepoint 26 for subject 1 in cohort group_a, already completed.
Skipping timepoint 27 for subject 1 in cohort group_a, already completed.
Skipping timepoint 28 for subject 1 in cohort group_a, already completed.
Skipping timepoint 29 for subject 1 in cohort group_a, already completed.
Skipping timepoint 30 for subject 1 in cohort group_a, already completed.
Skipping timepoint 31 for subject 1 in cohort group_a, already completed.
Skipping timepoint 32 for subject 1 in cohort group_a, already completed.
Skipping timepoint 33 for subject 1 in cohort group_a, already completed.
Skipping timepoint 34 for subject 1 in cohort group_a, already completed.
Skipping timepoint 35 for subject 1 in cohort group_a, already completed.
Skipping timepoint 36 for subject 1 in cohort group_a, already completed.
Skipping timepoint 37 for subject 1 in cohort group_a, already completed.
Skipping timepoint 38 for subject 1 in cohort group_a, already completed.
Skipping timepoint 39 for subject 1 in cohort group_a, already completed.
Skipping timepoint 40 for subject 1 in cohort group_a, already completed.
Skipping timepoint 41 for subject 1 in cohort group_a, already completed.
Skipping timepoint 42 for subject 1 in cohort group_a, already completed.
Skipping timepoint 43 for subject 1 in cohort group_a, already completed.
Skipping timepoint 44 for subject 1 in cohort group_a, already completed.
Skipping timepoint 45 for subject 1 in cohort group_a, already completed.
Skipping timepoint 46 for subject 1 in cohort group_a, already completed.
Skipping timepoint 47 for subject 1 in cohort group_a, already completed.
Skipping timepoint 48 for subject 1 in cohort group_a, already completed.
Skipping timepoint 49 for subject 1 in cohort group_a, already completed.
Skipping timepoint 50 for subject 1 in cohort group_a, already completed.
Skipping timepoint 51 for subject 1 in cohort group_a, already completed.
Processing subject: 1, cohort: group_b
Skipping timepoint 0 for subject 1 in cohort group_b, already completed.
Skipping timepoint 1 for subject 1 in cohort group_b, already completed.
Skipping timepoint 2 for subject 1 in cohort group_b, already completed.
Skipping timepoint 3 for subject 1 in cohort group_b, already completed.
Skipping timepoint 4 for subject 1 in cohort group_b, already completed.
Skipping timepoint 5 for subject 1 in cohort group_b, already completed.
Skipping timepoint 6 for subject 1 in cohort group_b, already completed.
Skipping timepoint 7 for subject 1 in cohort group_b, already completed.
Skipping timepoint 8 for subject 1 in cohort group_b, already completed.
Skipping timepoint 9 for subject 1 in cohort group_b, already completed.
Skipping timepoint 10 for subject 1 in cohort group_b, already completed.
Skipping timepoint 11 for subject 1 in cohort group_b, already completed.
Skipping timepoint 12 for subject 1 in cohort group_b, already completed.
Skipping timepoint 13 for subject 1 in cohort group_b, already completed.
Skipping timepoint 14 for subject 1 in cohort group_b, already completed.
Skipping timepoint 15 for subject 1 in cohort group_b, already completed.
Skipping timepoint 16 for subject 1 in cohort group_b, already completed.
Skipping timepoint 17 for subject 1 in cohort group_b, already completed.
Skipping timepoint 18 for subject 1 in cohort group_b, already completed.
Skipping timepoint 19 for subject 1 in cohort group_b, already completed.
Skipping timepoint 20 for subject 1 in cohort group_b, already completed.
Skipping timepoint 21 for subject 1 in cohort group_b, already completed.
Skipping timepoint 22 for subject 1 in cohort group_b, already completed.
Skipping timepoint 23 for subject 1 in cohort group_b, already completed.
Skipping timepoint 24 for subject 1 in cohort group_b, already completed.
Skipping timepoint 25 for subject 1 in cohort group_b, already completed.
Skipping timepoint 26 for subject 1 in cohort group_b, already completed.
Skipping timepoint 27 for subject 1 in cohort group_b, already completed.
Skipping timepoint 28 for subject 1 in cohort group_b, already completed.
Skipping timepoint 29 for subject 1 in cohort group_b, already completed.
Skipping timepoint 30 for subject 1 in cohort group_b, already completed.
Skipping timepoint 31 for subject 1 in cohort group_b, already completed.
Skipping timepoint 32 for subject 1 in cohort group_b, already completed.
Skipping timepoint 33 for subject 1 in cohort group_b, already completed.
Skipping timepoint 34 for subject 1 in cohort group_b, already completed.
Skipping timepoint 35 for subject 1 in cohort group_b, already completed.
Skipping timepoint 36 for subject 1 in cohort group_b, already completed.
Skipping timepoint 37 for subject 1 in cohort group_b, already completed.
Skipping timepoint 38 for subject 1 in cohort group_b, already completed.
Skipping timepoint 39 for subject 1 in cohort group_b, already completed.
Skipping timepoint 40 for subject 1 in cohort group_b, already completed.
Skipping timepoint 41 for subject 1 in cohort group_b, already completed.
Skipping timepoint 42 for subject 1 in cohort group_b, already completed.
Skipping timepoint 43 for subject 1 in cohort group_b, already completed.
Skipping timepoint 44 for subject 1 in cohort group_b, already completed.
Skipping timepoint 45 for subject 1 in cohort group_b, already completed.
Skipping timepoint 46 for subject 1 in cohort group_b, already completed.
Skipping timepoint 47 for subject 1 in cohort group_b, already completed.
Skipping timepoint 48 for subject 1 in cohort group_b, already completed.
Skipping timepoint 49 for subject 1 in cohort group_b, already completed.
Skipping timepoint 50 for subject 1 in cohort group_b, already completed.
Skipping timepoint 51 for subject 1 in cohort group_b, already completed.
Processing subject: 1, cohort: group_c
Skipping timepoint 0 for subject 1 in cohort group_c, already completed.
Skipping timepoint 1 for subject 1 in cohort group_c, already completed.
Skipping timepoint 2 for subject 1 in cohort group_c, already completed.
Skipping timepoint 3 for subject 1 in cohort group_c, already completed.
Skipping timepoint 4 for subject 1 in cohort group_c, already completed.
Skipping timepoint 5 for subject 1 in cohort group_c, already completed.
Skipping timepoint 6 for subject 1 in cohort group_c, already completed.
Skipping timepoint 7 for subject 1 in cohort group_c, already completed.
Skipping timepoint 8 for subject 1 in cohort group_c, already completed.
Skipping timepoint 9 for subject 1 in cohort group_c, already completed.
Skipping timepoint 10 for subject 1 in cohort group_c, already completed.
Skipping timepoint 11 for subject 1 in cohort group_c, already completed.
Skipping timepoint 12 for subject 1 in cohort group_c, already completed.
Skipping timepoint 13 for subject 1 in cohort group_c, already completed.
Skipping timepoint 14 for subject 1 in cohort group_c, already completed.
Skipping timepoint 15 for subject 1 in cohort group_c, already completed.
Skipping timepoint 16 for subject 1 in cohort group_c, already completed.
Skipping timepoint 17 for subject 1 in cohort group_c, already completed.
Skipping timepoint 18 for subject 1 in cohort group_c, already completed.
Skipping timepoint 19 for subject 1 in cohort group_c, already completed.
Skipping timepoint 20 for subject 1 in cohort group_c, already completed.
Skipping timepoint 21 for subject 1 in cohort group_c, already completed.
Skipping timepoint 22 for subject 1 in cohort group_c, already completed.
Skipping timepoint 23 for subject 1 in cohort group_c, already completed.
Skipping timepoint 24 for subject 1 in cohort group_c, already completed.
Skipping timepoint 25 for subject 1 in cohort group_c, already completed.
Skipping timepoint 26 for subject 1 in cohort group_c, already completed.
Skipping timepoint 27 for subject 1 in cohort group_c, already completed.
Skipping timepoint 28 for subject 1 in cohort group_c, already completed.
Skipping timepoint 29 for subject 1 in cohort group_c, already completed.
Skipping timepoint 30 for subject 1 in cohort group_c, already completed.
Skipping timepoint 31 for subject 1 in cohort group_c, already completed.
Skipping timepoint 32 for subject 1 in cohort group_c, already completed.
Skipping timepoint 33 for subject 1 in cohort group_c, already completed.
Skipping timepoint 34 for subject 1 in cohort group_c, already completed.
Skipping timepoint 35 for subject 1 in cohort group_c, already completed.
Skipping timepoint 36 for subject 1 in cohort group_c, already completed.
Skipping timepoint 37 for subject 1 in cohort group_c, already completed.
Skipping timepoint 38 for subject 1 in cohort group_c, already completed.
Skipping timepoint 39 for subject 1 in cohort group_c, already completed.
Skipping timepoint 40 for subject 1 in cohort group_c, already completed.
Skipping timepoint 41 for subject 1 in cohort group_c, already completed.
Skipping timepoint 42 for subject 1 in cohort group_c, already completed.
Skipping timepoint 43 for subject 1 in cohort group_c, already completed.
Skipping timepoint 44 for subject 1 in cohort group_c, already completed.
Skipping timepoint 45 for subject 1 in cohort group_c, already completed.
Skipping timepoint 46 for subject 1 in cohort group_c, already completed.
Skipping timepoint 47 for subject 1 in cohort group_c, already completed.
Skipping timepoint 48 for subject 1 in cohort group_c, already completed.
Skipping timepoint 49 for subject 1 in cohort group_c, already completed.
Skipping timepoint 50 for subject 1 in cohort group_c, already completed.
Skipping timepoint 51 for subject 1 in cohort group_c, already completed.
Processing subject: 1, cohort: group_d
Skipping timepoint 0 for subject 1 in cohort group_d, already completed.
Skipping timepoint 1 for subject 1 in cohort group_d, already completed.
Skipping timepoint 2 for subject 1 in cohort group_d, already completed.
Skipping timepoint 3 for subject 1 in cohort group_d, already completed.
Skipping timepoint 4 for subject 1 in cohort group_d, already completed.
Skipping timepoint 5 for subject 1 in cohort group_d, already completed.
Skipping timepoint 6 for subject 1 in cohort group_d, already completed.
Skipping timepoint 7 for subject 1 in cohort group_d, already completed.
Skipping timepoint 8 for subject 1 in cohort group_d, already completed.
Skipping timepoint 9 for subject 1 in cohort group_d, already completed.
Skipping timepoint 10 for subject 1 in cohort group_d, already completed.
Skipping timepoint 11 for subject 1 in cohort group_d, already completed.
Skipping timepoint 12 for subject 1 in cohort group_d, already completed.
Skipping timepoint 13 for subject 1 in cohort group_d, already completed.
Skipping timepoint 14 for subject 1 in cohort group_d, already completed.
Skipping timepoint 15 for subject 1 in cohort group_d, already completed.
Skipping timepoint 16 for subject 1 in cohort group_d, already completed.
Skipping timepoint 17 for subject 1 in cohort group_d, already completed.
Skipping timepoint 18 for subject 1 in cohort group_d, already completed.
Skipping timepoint 19 for subject 1 in cohort group_d, already completed.
Skipping timepoint 20 for subject 1 in cohort group_d, already completed.
Skipping timepoint 21 for subject 1 in cohort group_d, already completed.
Skipping timepoint 22 for subject 1 in cohort group_d, already completed.
Skipping timepoint 23 for subject 1 in cohort group_d, already completed.
Skipping timepoint 24 for subject 1 in cohort group_d, already completed.
Skipping timepoint 25 for subject 1 in cohort group_d, already completed.
Skipping timepoint 26 for subject 1 in cohort group_d, already completed.
Skipping timepoint 27 for subject 1 in cohort group_d, already completed.
Skipping timepoint 28 for subject 1 in cohort group_d, already completed.
Skipping timepoint 29 for subject 1 in cohort group_d, already completed.
Skipping timepoint 30 for subject 1 in cohort group_d, already completed.
Skipping timepoint 31 for subject 1 in cohort group_d, already completed.
Skipping timepoint 32 for subject 1 in cohort group_d, already completed.
Skipping timepoint 33 for subject 1 in cohort group_d, already completed.
Skipping timepoint 34 for subject 1 in cohort group_d, already completed.
Skipping timepoint 35 for subject 1 in cohort group_d, already completed.
Skipping timepoint 36 for subject 1 in cohort group_d, already completed.
Skipping timepoint 37 for subject 1 in cohort group_d, already completed.
Skipping timepoint 38 for subject 1 in cohort group_d, already completed.
Skipping timepoint 39 for subject 1 in cohort group_d, already completed.
Skipping timepoint 40 for subject 1 in cohort group_d, already completed.
Skipping timepoint 41 for subject 1 in cohort group_d, already completed.
Skipping timepoint 42 for subject 1 in cohort group_d, already completed.
Skipping timepoint 43 for subject 1 in cohort group_d, already completed.
Skipping timepoint 44 for subject 1 in cohort group_d, already completed.
Skipping timepoint 45 for subject 1 in cohort group_d, already completed.
Skipping timepoint 46 for subject 1 in cohort group_d, already completed.
Skipping timepoint 47 for subject 1 in cohort group_d, already completed.
Skipping timepoint 48 for subject 1 in cohort group_d, already completed.
Skipping timepoint 49 for subject 1 in cohort group_d, already completed.
Skipping timepoint 50 for subject 1 in cohort group_d, already completed.
Skipping timepoint 51 for subject 1 in cohort group_d, already completed.
Processing subject: 2, cohort: group_a
Generating data for subject 2, cohort group_a, timepoint 0
Generating data for subject 2, cohort group_a, timepoint 1
Generating data for subject 2, cohort group_a, timepoint 2
Generating data for subject 2, cohort group_a, timepoint 3
Generating data for subject 2, cohort group_a, timepoint 4
Generating data for subject 2, cohort group_a, timepoint 5
Generating data for subject 2, cohort group_a, timepoint 6
Generating data for subject 2, cohort group_a, timepoint 7
Generating data for subject 2, cohort group_a, timepoint 8
Generating data for subject 2, cohort group_a, timepoint 9
Generating data for subject 2, cohort group_a, timepoint 10
Generating data for subject 2, cohort group_a, timepoint 11
Generating data for subject 2, cohort group_a, timepoint 12
Generating data for subject 2, cohort group_a, timepoint 13
Generating data for subject 2, cohort group_a, timepoint 14
Generating data for subject 2, cohort group_a, timepoint 15
Generating data for subject 2, cohort group_a, timepoint 16
Generating data for subject 2, cohort group_a, timepoint 17
Generating data for subject 2, cohort group_a, timepoint 18
Generating data for subject 2, cohort group_a, timepoint 19
Generating data for subject 2, cohort group_a, timepoint 20
Generating data for subject 2, cohort group_a, timepoint 21
Generating data for subject 2, cohort group_a, timepoint 22
Generating data for subject 2, cohort group_a, timepoint 23
Generating data for subject 2, cohort group_a, timepoint 24
Generating data for subject 2, cohort group_a, timepoint 25
Generating data for subject 2, cohort group_a, timepoint 26
Generating data for subject 2, cohort group_a, timepoint 27
Generating data for subject 2, cohort group_a, timepoint 28
Generating data for subject 2, cohort group_a, timepoint 29
Generating data for subject 2, cohort group_a, timepoint 30
Generating data for subject 2, cohort group_a, timepoint 31
Generating data for subject 2, cohort group_a, timepoint 32
Generating data for subject 2, cohort group_a, timepoint 33
Generating data for subject 2, cohort group_a, timepoint 34
Generating data for subject 2, cohort group_a, timepoint 35
Generating data for subject 2, cohort group_a, timepoint 36
Generating data for subject 2, cohort group_a, timepoint 37
Generating data for subject 2, cohort group_a, timepoint 38
Generating data for subject 2, cohort group_a, timepoint 39
Generating data for subject 2, cohort group_a, timepoint 40
Generating data for subject 2, cohort group_a, timepoint 41
Generating data for subject 2, cohort group_a, timepoint 42
Generating data for subject 2, cohort group_a, timepoint 43
Generating data for subject 2, cohort group_a, timepoint 44
Generating data for subject 2, cohort group_a, timepoint 45
Generating data for subject 2, cohort group_a, timepoint 46
Generating data for subject 2, cohort group_a, timepoint 47
Generating data for subject 2, cohort group_a, timepoint 48
Generating data for subject 2, cohort group_a, timepoint 49
Generating data for subject 2, cohort group_a, timepoint 50
Generating data for subject 2, cohort group_a, timepoint 51
Processing subject: 2, cohort: group_b
Generating data for subject 2, cohort group_b, timepoint 0
Generating data for subject 2, cohort group_b, timepoint 1
Generating data for subject 2, cohort group_b, timepoint 2
Generating data for subject 2, cohort group_b, timepoint 3
Generating data for subject 2, cohort group_b, timepoint 4
Generating data for subject 2, cohort group_b, timepoint 5
Generating data for subject 2, cohort group_b, timepoint 6
Generating data for subject 2, cohort group_b, timepoint 7
Generating data for subject 2, cohort group_b, timepoint 8
Generating data for subject 2, cohort group_b, timepoint 9
Generating data for subject 2, cohort group_b, timepoint 10
Generating data for subject 2, cohort group_b, timepoint 11
Generating data for subject 2, cohort group_b, timepoint 12
Generating data for subject 2, cohort group_b, timepoint 13
Generating data for subject 2, cohort group_b, timepoint 14
Generating data for subject 2, cohort group_b, timepoint 15
Generating data for subject 2, cohort group_b, timepoint 16
Generating data for subject 2, cohort group_b, timepoint 17
Generating data for subject 2, cohort group_b, timepoint 18
Generating data for subject 2, cohort group_b, timepoint 19
Generating data for subject 2, cohort group_b, timepoint 20
Generating data for subject 2, cohort group_b, timepoint 21
Generating data for subject 2, cohort group_b, timepoint 22
Generating data for subject 2, cohort group_b, timepoint 23
Generating data for subject 2, cohort group_b, timepoint 24
Generating data for subject 2, cohort group_b, timepoint 25
Generating data for subject 2, cohort group_b, timepoint 26
Generating data for subject 2, cohort group_b, timepoint 27
Generating data for subject 2, cohort group_b, timepoint 28
Generating data for subject 2, cohort group_b, timepoint 29
Generating data for subject 2, cohort group_b, timepoint 30
Generating data for subject 2, cohort group_b, timepoint 31
Generating data for subject 2, cohort group_b, timepoint 32
Generating data for subject 2, cohort group_b, timepoint 33
Generating data for subject 2, cohort group_b, timepoint 34
Generating data for subject 2, cohort group_b, timepoint 35
Generating data for subject 2, cohort group_b, timepoint 36
Generating data for subject 2, cohort group_b, timepoint 37
Generating data for subject 2, cohort group_b, timepoint 38
Generating data for subject 2, cohort group_b, timepoint 39
Generating data for subject 2, cohort group_b, timepoint 40
Generating data for subject 2, cohort group_b, timepoint 41
Generating data for subject 2, cohort group_b, timepoint 42
Generating data for subject 2, cohort group_b, timepoint 43
Generating data for subject 2, cohort group_b, timepoint 44
Generating data for subject 2, cohort group_b, timepoint 45
Generating data for subject 2, cohort group_b, timepoint 46
Generating data for subject 2, cohort group_b, timepoint 47
Generating data for subject 2, cohort group_b, timepoint 48
Generating data for subject 2, cohort group_b, timepoint 49
Generating data for subject 2, cohort group_b, timepoint 50
Generating data for subject 2, cohort group_b, timepoint 51
Processing subject: 2, cohort: group_c
Generating data for subject 2, cohort group_c, timepoint 0
Generating data for subject 2, cohort group_c, timepoint 1
Generating data for subject 2, cohort group_c, timepoint 2
Generating data for subject 2, cohort group_c, timepoint 3
Generating data for subject 2, cohort group_c, timepoint 4
Generating data for subject 2, cohort group_c, timepoint 5
Generating data for subject 2, cohort group_c, timepoint 6
Generating data for subject 2, cohort group_c, timepoint 7
Generating data for subject 2, cohort group_c, timepoint 8
Generating data for subject 2, cohort group_c, timepoint 9
Generating data for subject 2, cohort group_c, timepoint 10
Generating data for subject 2, cohort group_c, timepoint 11
Generating data for subject 2, cohort group_c, timepoint 12
Generating data for subject 2, cohort group_c, timepoint 13
Generating data for subject 2, cohort group_c, timepoint 14
Generating data for subject 2, cohort group_c, timepoint 15
Generating data for subject 2, cohort group_c, timepoint 16
Generating data for subject 2, cohort group_c, timepoint 17
Generating data for subject 2, cohort group_c, timepoint 18
Generating data for subject 2, cohort group_c, timepoint 19
Generating data for subject 2, cohort group_c, timepoint 20
Generating data for subject 2, cohort group_c, timepoint 21
Generating data for subject 2, cohort group_c, timepoint 22
Generating data for subject 2, cohort group_c, timepoint 23
Generating data for subject 2, cohort group_c, timepoint 24
Generating data for subject 2, cohort group_c, timepoint 25
Generating data for subject 2, cohort group_c, timepoint 26
Generating data for subject 2, cohort group_c, timepoint 27
Generating data for subject 2, cohort group_c, timepoint 28
Generating data for subject 2, cohort group_c, timepoint 29
Generating data for subject 2, cohort group_c, timepoint 30
Generating data for subject 2, cohort group_c, timepoint 31
Generating data for subject 2, cohort group_c, timepoint 32
Generating data for subject 2, cohort group_c, timepoint 33
Generating data for subject 2, cohort group_c, timepoint 34
Generating data for subject 2, cohort group_c, timepoint 35
Generating data for subject 2, cohort group_c, timepoint 36
Generating data for subject 2, cohort group_c, timepoint 37
Generating data for subject 2, cohort group_c, timepoint 38
Generating data for subject 2, cohort group_c, timepoint 39
Generating data for subject 2, cohort group_c, timepoint 40
Generating data for subject 2, cohort group_c, timepoint 41
Generating data for subject 2, cohort group_c, timepoint 42
Generating data for subject 2, cohort group_c, timepoint 43
Generating data for subject 2, cohort group_c, timepoint 44
Generating data for subject 2, cohort group_c, timepoint 45
Generating data for subject 2, cohort group_c, timepoint 46
Generating data for subject 2, cohort group_c, timepoint 47
Generating data for subject 2, cohort group_c, timepoint 48
Generating data for subject 2, cohort group_c, timepoint 49
Generating data for subject 2, cohort group_c, timepoint 50
Generating data for subject 2, cohort group_c, timepoint 51
Processing subject: 2, cohort: group_d
Generating data for subject 2, cohort group_d, timepoint 0
Generating data for subject 2, cohort group_d, timepoint 1
Generating data for subject 2, cohort group_d, timepoint 2
Generating data for subject 2, cohort group_d, timepoint 3
Generating data for subject 2, cohort group_d, timepoint 4
Generating data for subject 2, cohort group_d, timepoint 5
Generating data for subject 2, cohort group_d, timepoint 6
Generating data for subject 2, cohort group_d, timepoint 7
Generating data for subject 2, cohort group_d, timepoint 8